#
# There is insufficient memory for the Java Runtime Environment to continue.
# Native memory allocation (malloc) failed to allocate 524288 bytes for committing reserved memory.
# Possible reasons:
#   The system is out of physical RAM or swap space
#   In 32 bit mode, the process size limit was hit
# Possible solutions:
#   Reduce memory load on the system
#   Increase physical memory or swap space
#   Check if swap backing store is full
#   Use 64 bit Java on a 64 bit OS
#   Decrease Java heap size (-Xmx/-Xms)
#   Decrease number of Java threads
#   Decrease Java thread stack sizes (-Xss)
#   Set larger code cache with -XX:ReservedCodeCacheSize=
# This output file may be truncated or incomplete.
#
#  Out of Memory Error (os_linux.cpp:2726), pid=20038, tid=140247276930816
#
# JRE version: Java(TM) SE Runtime Environment (7.0_55-b13) (build 1.7.0_55-b13)
# Java VM: Java HotSpot(TM) 64-Bit Server VM (24.55-b03 mixed mode linux-amd64 compressed oops)
# Failed to write core dump. Core dumps have been disabled. To enable core dumping, try "ulimit -c unlimited" before starting Java again
#

---------------  T H R E A D  ---------------

Current thread (0x000000000075c800):  JavaThread "main" [_thread_in_vm, id=20042, stack(0x00007f8ddd0f4000,0x00007f8ddd1f5000)]

Stack: [0x00007f8ddd0f4000,0x00007f8ddd1f5000],  sp=0x00007f8ddd1f2ea0,  free space=1019k
Native frames: (J=compiled Java code, j=interpreted, Vv=VM code, C=native code)
V  [libjvm.so+0x99305a]  VMError::report_and_die()+0x2ea
V  [libjvm.so+0x4931fb]  report_vm_out_of_memory(char const*, int, unsigned long, char const*)+0x9b
V  [libjvm.so+0x8134be]  os::Linux::commit_memory_impl(char*, unsigned long, bool)+0xfe
V  [libjvm.so+0x81396f]  os::Linux::commit_memory_impl(char*, unsigned long, unsigned long, bool)+0x4f
V  [libjvm.so+0x813b5c]  os::pd_commit_memory(char*, unsigned long, unsigned long, bool)+0xc
V  [libjvm.so+0x80dc1a]  os::commit_memory(char*, unsigned long, unsigned long, bool)+0x2a
V  [libjvm.so+0x87fde3]  PSVirtualSpace::expand_by(unsigned long)+0x53
V  [libjvm.so+0x86f3f0]  PSOldGen::expand(unsigned long)+0x170
V  [libjvm.so+0x86f6aa]  PSOldGen::expand_and_allocate(unsigned long)+0x1a
V  [libjvm.so+0x86f7cb]  PSOldGen::allocate(unsigned long)+0xcb
V  [libjvm.so+0x834a81]  ParallelScavengeHeap::mem_allocate(unsigned long, bool*)+0xf1
V  [libjvm.so+0x5bc65e]  CollectedHeap::common_mem_allocate_init(KlassHandle, unsigned long, Thread*)+0x17e
V  [libjvm.so+0x5b70e4]  instanceKlass::allocate_instance(Thread*)+0x74
V  [libjvm.so+0x89fed7]  OptoRuntime::new_instance_C(klassOopDesc*, JavaThread*)+0xb7

Java frames: (J=compiled Java code, j=interpreted, Vv=VM code)
v  ~RuntimeStub::_new_instance_Java
J  Engine.BeadBinning.BeadBinner$BinIndex.addIndices(LEngine/BeadBinning/BeadBinner$BinIndex;Ljava/util/List;)LEngine/BeadBinning/BeadBinner$BinIndex;
J  Engine.BeadBinning.BeadBinner$NearbyBeadIterator.updateBeadIterator()V
J  Engine.SystemAnalyzer.beadOverlap(I)LEngine/PolymerState/SystemGeometry/AreaOverlap;
J  Engine.SystemAnalyzer.computeEnergy()D
j  Engine.SimulationStepping.StepTypes.SingleWallResizeStep.doStep(LEngine/PolymerState/PolymerState;LEngine/SystemAnalyzer;)Z+1
J  Engine.PolymerSimulator.doIteration()V
J  Engine.PolymerSimulator.doIterations(I)V
j  FocusedSimulation.SimulationRunner.generateSamplesWithIterationsPerSample(II)V+12
j  FocusedSimulation.SimulationRunner.doMeasurementRun(II)V+10
j  FocusedSimulation.AbstractFocusedSimulation.iterateUntilConverged(IID)V+40
j  FocusedSimulation.AbstractFocusedSimulation.doTrialsUntilConvergence()V+43
j  FocusedSimulation.AbstractFocusedSimulation.doSimulation()V+23
j  FocusedSimulation.bulkproperties.BulkPropertiesFinder.main([Ljava/lang/String;)V+11
v  ~StubRoutines::call_stub

---------------  P R O C E S S  ---------------

Java Threads: ( => current thread )
  0x00007f8dd034a800 JavaThread "Thread-1" [_thread_blocked, id=20074, stack(0x00007f8dcde08000,0x00007f8dcdf09000)]
  0x00007f8dd0290800 JavaThread "AWT-EventQueue-0" [_thread_in_native, id=20073, stack(0x00007f8dce617000,0x00007f8dce718000)]
  0x00007f8dd028f800 JavaThread "AWT-Shutdown" [_thread_blocked, id=20072, stack(0x00007f8dce718000,0x00007f8dce819000)]
  0x00007f8dd026d800 JavaThread "AWT-XAWT" daemon [_thread_blocked, id=20071, stack(0x00007f8dce819000,0x00007f8dce91a000)]
  0x00007f8dd0248800 JavaThread "Java2D Disposer" daemon [_thread_blocked, id=20070, stack(0x00007f8dced2a000,0x00007f8dcee2b000)]
  0x00007f8dd0151800 JavaThread "Thread-0" [_thread_blocked, id=20069, stack(0x00007f8dd4523000,0x00007f8dd4624000)]
  0x00000000007e7000 JavaThread "Service Thread" daemon [_thread_blocked, id=20052, stack(0x00007f8dd4c1d000,0x00007f8dd4d1e000)]
  0x00000000007e4800 JavaThread "C2 CompilerThread1" daemon [_thread_blocked, id=20051, stack(0x00007f8dd4d1e000,0x00007f8dd4e1f000)]
  0x00000000007e1800 JavaThread "C2 CompilerThread0" daemon [_thread_blocked, id=20050, stack(0x00007f8dd4e1f000,0x00007f8dd4f20000)]
  0x00000000007d7800 JavaThread "Signal Dispatcher" daemon [_thread_blocked, id=20049, stack(0x00007f8dd4f20000,0x00007f8dd5021000)]
  0x00000000007c0000 JavaThread "Finalizer" daemon [_thread_blocked, id=20048, stack(0x00007f8dd5198000,0x00007f8dd5299000)]
  0x00000000007bc000 JavaThread "Reference Handler" daemon [_thread_blocked, id=20047, stack(0x00007f8dd5299000,0x00007f8dd539a000)]
=>0x000000000075c800 JavaThread "main" [_thread_in_vm, id=20042, stack(0x00007f8ddd0f4000,0x00007f8ddd1f5000)]

Other Threads:
  0x00000000007b9800 VMThread [stack: 0x00007f8dd539a000,0x00007f8dd549b000] [id=20046]
  0x00000000007f2000 WatcherThread [stack: 0x00007f8dd4b1c000,0x00007f8dd4c1d000] [id=20053]

VM state:not at safepoint (normal execution)

VM Mutex/Monitor currently owned by a thread:  ([mutex/lock_event])
[0x000000000075a690] ExpandHeap_lock - owner thread: 0x000000000075c800
[0x000000000075b210] Heap_lock - owner thread: 0x000000000075c800

Heap
 PSYoungGen      total 83456K, used 83040K [0x00000000f5800000, 0x00000000faa00000, 0x0000000100000000)
  eden space 82944K, 100% used [0x00000000f5800000,0x00000000fa900000,0x00000000fa900000)
  from space 512K, 18% used [0x00000000fa980000,0x00000000fa998000,0x00000000faa00000)
  to   space 512K, 0% used [0x00000000fa900000,0x00000000fa900000,0x00000000fa980000)
 ParOldGen       total 61440K, used 61439K [0x00000000e0800000, 0x00000000e4400000, 0x00000000f5800000)
  object space 61440K, 99% used [0x00000000e0800000,0x00000000e43ffff8,0x00000000e4400000)
 PSPermGen       total 21504K, used 12005K [0x00000000db600000, 0x00000000dcb00000, 0x00000000e0800000)
  object space 21504K, 55% used [0x00000000db600000,0x00000000dc1b94d0,0x00000000dcb00000)

Card table byte_map: [0x00007f8dd7b25000,0x00007f8dd7c4b000] byte_map_base: 0x00007f8dd744a000

Polling page: 0x00007f8ddd22d000

Code Cache  [0x00007f8dd7d0b000, 0x00007f8dd7f8b000, 0x00007f8ddad0b000)
 total_blobs=1300 nmethods=820 adapters=433 free_code_cache=46704Kb largest_free_block=47764608

Compilation events (10 events):
Event: 12604.154 Thread 0x00000000007e1800  838             java.security.AccessControlContext::optimize (319 bytes)
Event: 12604.173 Thread 0x00000000007e1800 nmethod 838 0x00007f8dd7f6db10 code [0x00007f8dd7f6dca0, 0x00007f8dd7f6e6e8]
Event: 12621.142 Thread 0x00000000007e4800  839             javax.swing.GroupLayout$Spring::getParent (5 bytes)
Event: 12621.142 Thread 0x00000000007e4800 nmethod 839 0x00007f8dd7f73bd0 code [0x00007f8dd7f73d00, 0x00007f8dd7f73d58]
Event: 12631.973 Thread 0x00000000007e1800  840             javax.swing.GroupLayout$ContainerAutoPreferredGapSpring::updateSize (77 bytes)
Event: 12631.977 Thread 0x00000000007e1800 nmethod 840 0x00007f8dd7f73590 code [0x00007f8dd7f73700, 0x00007f8dd7f738e8]
Event: 12633.238 Thread 0x00000000007e4800  841             java.awt.AWTEvent::getID (5 bytes)
Event: 12633.239 Thread 0x00000000007e4800 nmethod 841 0x00007f8dd7f77d50 code [0x00007f8dd7f77e80, 0x00007f8dd7f77ed8]
Event: 13020.754 Thread 0x00000000007e1800  842   !         java.awt.Component$BltBufferStrategy::showSubRegion (176 bytes)
Event: 13020.794 Thread 0x00000000007e1800 nmethod 842 0x00007f8dd7f7bb50 code [0x00007f8dd7f7bda0, 0x00007f8dd7f7cb10]

GC Heap History (10 events):
Event: 13163.524 GC heap before
{Heap before GC invocations=52120 (full 28):
 PSYoungGen      total 33280K, used 32864K [0x00000000f5800000, 0x00000000faa00000, 0x0000000100000000)
  eden space 32768K, 100% used [0x00000000f5800000,0x00000000f7800000,0x00000000f7800000)
  from space 512K, 18% used [0x00000000fa900000,0x00000000fa918000,0x00000000fa980000)
  to   space 512K, 0% used [0x00000000fa980000,0x00000000fa980000,0x00000000faa00000)
 ParOldGen       total 47616K, used 47139K [0x00000000e0800000, 0x00000000e3680000, 0x00000000f5800000)
  object space 47616K, 98% used [0x00000000e0800000,0x00000000e3608d38,0x00000000e3680000)
 PSPermGen       total 21504K, used 12005K [0x00000000db600000, 0x00000000dcb00000, 0x00000000e0800000)
  object space 21504K, 55% used [0x00000000db600000,0x00000000dc1b94d0,0x00000000dcb00000)
Event: 13163.695 GC heap after
Heap after GC invocations=52120 (full 28):
 PSYoungGen      total 39936K, used 64K [0x00000000f5800000, 0x00000000faa00000, 0x0000000100000000)
  eden space 39424K, 0% used [0x00000000f5800000,0x00000000f5800000,0x00000000f7e80000)
  from space 512K, 12% used [0x00000000fa980000,0x00000000fa990000,0x00000000faa00000)
  to   space 512K, 0% used [0x00000000fa900000,0x00000000fa900000,0x00000000fa980000)
 ParOldGen       total 47616K, used 47155K [0x00000000e0800000, 0x00000000e3680000, 0x00000000f5800000)
  object space 47616K, 99% used [0x00000000e0800000,0x00000000e360cd38,0x00000000e3680000)
 PSPermGen       total 21504K, used 12005K [0x00000000db600000, 0x00000000dcb00000, 0x00000000e0800000)
  object space 21504K, 55% used [0x00000000db600000,0x00000000dc1b94d0,0x00000000dcb00000)
}
Event: 13164.429 GC heap before
{Heap before GC invocations=52121 (full 28):
 PSYoungGen      total 39936K, used 39488K [0x00000000f5800000, 0x00000000faa00000, 0x0000000100000000)
  eden space 39424K, 100% used [0x00000000f5800000,0x00000000f7e80000,0x00000000f7e80000)
  from space 512K, 12% used [0x00000000fa980000,0x00000000fa990000,0x00000000faa00000)
  to   space 512K, 0% used [0x00000000fa900000,0x00000000fa900000,0x00000000fa980000)
 ParOldGen       total 47616K, used 47155K [0x00000000e0800000, 0x00000000e3680000, 0x00000000f5800000)
  object space 47616K, 99% used [0x00000000e0800000,0x00000000e360cd38,0x00000000e3680000)
 PSPermGen       total 21504K, used 12005K [0x00000000db600000, 0x00000000dcb00000, 0x00000000e0800000)
  object space 21504K, 55% used [0x00000000db600000,0x00000000dc1b94d0,0x00000000dcb00000)
Event: 13164.441 GC heap after
Heap after GC invocations=52121 (full 28):
 PSYoungGen      total 48128K, used 128K [0x00000000f5800000, 0x00000000faa00000, 0x0000000100000000)
  eden space 47616K, 0% used [0x00000000f5800000,0x00000000f5800000,0x00000000f8680000)
  from space 512K, 25% used [0x00000000fa900000,0x00000000fa920000,0x00000000fa980000)
  to   space 512K, 0% used [0x00000000fa980000,0x00000000fa980000,0x00000000faa00000)
 ParOldGen       total 47616K, used 47187K [0x00000000e0800000, 0x00000000e3680000, 0x00000000f5800000)
  object space 47616K, 99% used [0x00000000e0800000,0x00000000e3614d38,0x00000000e3680000)
 PSPermGen       total 21504K, used 12005K [0x00000000db600000, 0x00000000dcb00000, 0x00000000e0800000)
  object space 21504K, 55% used [0x00000000db600000,0x00000000dc1b94d0,0x00000000dcb00000)
}
Event: 13165.175 GC heap before
{Heap before GC invocations=52122 (full 28):
 PSYoungGen      total 48128K, used 47744K [0x00000000f5800000, 0x00000000faa00000, 0x0000000100000000)
  eden space 47616K, 100% used [0x00000000f5800000,0x00000000f8680000,0x00000000f8680000)
  from space 512K, 25% used [0x00000000fa900000,0x00000000fa920000,0x00000000fa980000)
  to   space 512K, 0% used [0x00000000fa980000,0x00000000fa980000,0x00000000faa00000)
 ParOldGen       total 47616K, used 47187K [0x00000000e0800000, 0x00000000e3680000, 0x00000000f5800000)
  object space 47616K, 99% used [0x00000000e0800000,0x00000000e3614d38,0x00000000e3680000)
 PSPermGen       total 21504K, used 12005K [0x00000000db600000, 0x00000000dcb00000, 0x00000000e0800000)
  object space 21504K, 55% used [0x00000000db600000,0x00000000dc1b94d0,0x00000000dcb00000)
Event: 13165.177 GC heap after
Heap after GC invocations=52122 (full 28):
 PSYoungGen      total 57856K, used 128K [0x00000000f5800000, 0x00000000faa00000, 0x0000000100000000)
  eden space 57344K, 0% used [0x00000000f5800000,0x00000000f5800000,0x00000000f9000000)
  from space 512K, 25% used [0x00000000fa980000,0x00000000fa9a0000,0x00000000faa00000)
  to   space 512K, 0% used [0x00000000fa900000,0x00000000fa900000,0x00000000fa980000)
 ParOldGen       total 47616K, used 47211K [0x00000000e0800000, 0x00000000e3680000, 0x00000000f5800000)
  object space 47616K, 99% used [0x00000000e0800000,0x00000000e361ad38,0x00000000e3680000)
 PSPermGen       total 21504K, used 12005K [0x00000000db600000, 0x00000000dcb00000, 0x00000000e0800000)
  object space 21504K, 55% used [0x00000000db600000,0x00000000dc1b94d0,0x00000000dcb00000)
}
Event: 13166.042 GC heap before
{Heap before GC invocations=52123 (full 28):
 PSYoungGen      total 57856K, used 57472K [0x00000000f5800000, 0x00000000faa00000, 0x0000000100000000)
  eden space 57344K, 100% used [0x00000000f5800000,0x00000000f9000000,0x00000000f9000000)
  from space 512K, 25% used [0x00000000fa980000,0x00000000fa9a0000,0x00000000faa00000)
  to   space 512K, 0% used [0x00000000fa900000,0x00000000fa900000,0x00000000fa980000)
 ParOldGen       total 47616K, used 47211K [0x00000000e0800000, 0x00000000e3680000, 0x00000000f5800000)
  object space 47616K, 99% used [0x00000000e0800000,0x00000000e361ad38,0x00000000e3680000)
 PSPermGen       total 21504K, used 12005K [0x00000000db600000, 0x00000000dcb00000, 0x00000000e0800000)
  object space 21504K, 55% used [0x00000000db600000,0x00000000dc1b94d0,0x00000000dcb00000)
Event: 13166.045 GC heap after
Heap after GC invocations=52123 (full 28):
 PSYoungGen      total 69632K, used 64K [0x00000000f5800000, 0x00000000faa00000, 0x0000000100000000)
  eden space 69120K, 0% used [0x00000000f5800000,0x00000000f5800000,0x00000000f9b80000)
  from space 512K, 12% used [0x00000000fa900000,0x00000000fa910000,0x00000000fa980000)
  to   space 512K, 0% used [0x00000000fa980000,0x00000000fa980000,0x00000000faa00000)
 ParOldGen       total 47616K, used 47211K [0x00000000e0800000, 0x00000000e3680000, 0x00000000f5800000)
  object space 47616K, 99% used [0x00000000e0800000,0x00000000e361ad38,0x00000000e3680000)
 PSPermGen       total 21504K, used 12005K [0x00000000db600000, 0x00000000dcb00000, 0x00000000e0800000)
  object space 21504K, 55% used [0x00000000db600000,0x00000000dc1b94d0,0x00000000dcb00000)
}
Event: 13167.130 GC heap before
{Heap before GC invocations=52124 (full 28):
 PSYoungGen      total 69632K, used 69184K [0x00000000f5800000, 0x00000000faa00000, 0x0000000100000000)
  eden space 69120K, 100% used [0x00000000f5800000,0x00000000f9b80000,0x00000000f9b80000)
  from space 512K, 12% used [0x00000000fa900000,0x00000000fa910000,0x00000000fa980000)
  to   space 512K, 0% used [0x00000000fa980000,0x00000000fa980000,0x00000000faa00000)
 ParOldGen       total 47616K, used 47211K [0x00000000e0800000, 0x00000000e3680000, 0x00000000f5800000)
  object space 47616K, 99% used [0x00000000e0800000,0x00000000e361ad38,0x00000000e3680000)
 PSPermGen       total 21504K, used 12005K [0x00000000db600000, 0x00000000dcb00000, 0x00000000e0800000)
  object space 21504K, 55% used [0x00000000db600000,0x00000000dc1b94d0,0x00000000dcb00000)
Event: 13167.132 GC heap after
Heap after GC invocations=52124 (full 28):
 PSYoungGen      total 83456K, used 96K [0x00000000f5800000, 0x00000000faa00000, 0x0000000100000000)
  eden space 82944K, 0% used [0x00000000f5800000,0x00000000f5800000,0x00000000fa900000)
  from space 512K, 18% used [0x00000000fa980000,0x00000000fa998000,0x00000000faa00000)
  to   space 512K, 0% used [0x00000000fa900000,0x00000000fa900000,0x00000000fa980000)
 ParOldGen       total 47616K, used 47219K [0x00000000e0800000, 0x00000000e3680000, 0x00000000f5800000)
  object space 47616K, 99% used [0x00000000e0800000,0x00000000e361cd38,0x00000000e3680000)
 PSPermGen       total 21504K, used 12005K [0x00000000db600000, 0x00000000dcb00000, 0x00000000e0800000)
  object space 21504K, 55% used [0x00000000db600000,0x00000000dc1b94d0,0x00000000dcb00000)
}

Deoptimization events (10 events):
Event: 6255.991 Thread 0x00007f8dd0290800 Uncommon trap: reason=unreached action=reinterpret pc=0x00007f8dd7ef9c94 method=java.awt.EventQueue.noEvents()Z @ 16
Event: 6256.008 Thread 0x00007f8dd0290800 Uncommon trap: reason=unreached action=reinterpret pc=0x00007f8dd7e626a4 method=java.lang.ref.SoftReference.get()Ljava/lang/Object; @ 6
Event: 6256.016 Thread 0x00007f8dd0290800 Uncommon trap: reason=unreached action=reinterpret pc=0x00007f8dd7dcef28 method=java.util.HashMap.remove(Ljava/lang/Object;)Ljava/lang/Object; @ 7
Event: 6256.016 Thread 0x00007f8dd0290800 Uncommon trap: reason=bimorphic action=maybe_recompile pc=0x00007f8dd7f035f4 method=javax.swing.RepaintManager.addDirtyRegion0(Ljava/awt/Container;IIII)V @ 16
Event: 6260.370 Thread 0x00007f8dd0290800 Uncommon trap: reason=bimorphic action=maybe_recompile pc=0x00007f8dd7f035f4 method=javax.swing.RepaintManager.addDirtyRegion0(Ljava/awt/Container;IIII)V @ 16
Event: 10439.738 Thread 0x00007f8dd0290800 Uncommon trap: reason=predicate action=maybe_recompile pc=0x00007f8dd7f415ec method=java.util.TimSort.binarySort([Ljava/lang/Object;IIILjava/util/Comparator;)V @ 37
Event: 12310.079 Thread 0x00007f8dd0290800 Uncommon trap: reason=array_check action=maybe_recompile pc=0x00007f8dd7f4e9a4 method=java.util.TimSort.binarySort([Ljava/lang/Object;IIILjava/util/Comparator;)V @ 215
Event: 12310.079 Thread 0x00007f8dd0290800 Uncommon trap: reason=array_check action=maybe_recompile pc=0x00007f8dd7f4eb58 method=java.util.TimSort.binarySort([Ljava/lang/Object;IIILjava/util/Comparator;)V @ 183
Event: 12319.606 Thread 0x00007f8dd0290800 Uncommon trap: reason=array_check action=maybe_recompile pc=0x00007f8dd7f4e9a4 method=java.util.TimSort.binarySort([Ljava/lang/Object;IIILjava/util/Comparator;)V @ 215
Event: 12319.606 Thread 0x00007f8dd0290800 Uncommon trap: reason=array_check action=maybe_recompile pc=0x00007f8dd7f4eb58 method=java.util.TimSort.binarySort([Ljava/lang/Object;IIILjava/util/Comparator;)V @ 183

Internal exceptions (10 events):
Event: 11.841 Thread 0x00007f8dd0151800 Threw 0x00000000f5947370 at /HUDSON/workspace/7u-2-build-linux-amd64/jdk7u55/869/hotspot/src/share/vm/prims/jni.cpp:1632
Event: 11.843 Thread 0x00007f8dd0151800 Threw 0x00000000f594f0b8 at /HUDSON/workspace/7u-2-build-linux-amd64/jdk7u55/869/hotspot/src/share/vm/prims/jni.cpp:1632
Event: 11.849 Thread 0x00007f8dd0151800 Threw 0x00000000f5962de8 at /HUDSON/workspace/7u-2-build-linux-amd64/jdk7u55/869/hotspot/src/share/vm/prims/jvm.cpp:1244
Event: 11.904 Thread 0x00007f8dd0151800 Threw 0x00000000f5996b88 at /HUDSON/workspace/7u-2-build-linux-amd64/jdk7u55/869/hotspot/src/share/vm/prims/jni.cpp:1632
Event: 11.908 Thread 0x00007f8dd0151800 Threw 0x00000000f59ac950 at /HUDSON/workspace/7u-2-build-linux-amd64/jdk7u55/869/hotspot/src/share/vm/prims/jni.cpp:1632
Event: 11.909 Thread 0x00007f8dd0151800 Threw 0x00000000f59b1560 at /HUDSON/workspace/7u-2-build-linux-amd64/jdk7u55/869/hotspot/src/share/vm/prims/jni.cpp:1632
Event: 11.913 Thread 0x00007f8dd0151800 Threw 0x00000000f59bc728 at /HUDSON/workspace/7u-2-build-linux-amd64/jdk7u55/869/hotspot/src/share/vm/prims/jni.cpp:1632
Event: 18.194 Thread 0x000000000075c800 Threw 0x00000000f708ad58 at /HUDSON/workspace/7u-2-build-linux-amd64/jdk7u55/869/hotspot/src/share/vm/prims/jvm.cpp:1244
Event: 18.199 Thread 0x000000000075c800 Threw 0x00000000f7099fe0 at /HUDSON/workspace/7u-2-build-linux-amd64/jdk7u55/869/hotspot/src/share/vm/prims/jvm.cpp:1244
Event: 108.637 Thread 0x00007f8dd034a800 Implicit null exception at 0x00007f8dd7efdc0c to 0x00007f8dd7efdeeb

Events (10 events):
Event: 13164.429 Executing VM operation: ParallelGCFailedAllocation
Event: 13164.441 Executing VM operation: ParallelGCFailedAllocation done
Event: 13165.175 Executing VM operation: ParallelGCFailedAllocation
Event: 13165.177 Executing VM operation: ParallelGCFailedAllocation done
Event: 13166.042 Executing VM operation: ParallelGCFailedAllocation
Event: 13166.045 Executing VM operation: ParallelGCFailedAllocation done
Event: 13167.130 Executing VM operation: ParallelGCFailedAllocation
Event: 13167.132 Executing VM operation: ParallelGCFailedAllocation done
Event: 13168.476 Executing VM operation: ParallelGCFailedAllocation
Event: 13168.684 Executing VM operation: ParallelGCFailedAllocation done


Dynamic libraries:
00400000-00401000 r-xp 00000000 08:01 1430484                            /usr/lib/jvm/java-7-oracle/bin/java
00600000-00601000 rw-p 00000000 08:01 1430484                            /usr/lib/jvm/java-7-oracle/bin/java
00750000-00f83000 rw-p 00000000 00:00 0                                  [heap]
db600000-dcb00000 rw-p 00000000 00:00 0 
dcb00000-dd000000 ---p 00000000 00:00 0 
dd000000-e0800000 rw-p 00000000 00:00 0 
e0800000-e4400000 rw-p 00000000 00:00 0 
e4480000-f5800000 rw-p 00000000 00:00 0 
f5800000-faa00000 rw-p 00000000 00:00 0 
faa00000-fab00000 ---p 00000000 00:00 0 
fab00000-100000000 rw-p 00000000 00:00 0 
7f8dcdbd9000-7f8dcde08000 rw-s 00000000 00:04 28246019                   /SYSV00000000 (deleted)
7f8dcde08000-7f8dcde0b000 ---p 00000000 00:00 0 
7f8dcde0b000-7f8dcdf09000 rw-p 00000000 00:00 0 
7f8dcdf09000-7f8dcdf71000 r-xp 00000000 08:01 1429730                    /usr/lib/jvm/java-7-oracle/jre/lib/amd64/libt2k.so
7f8dcdf71000-7f8dce171000 ---p 00068000 08:01 1429730                    /usr/lib/jvm/java-7-oracle/jre/lib/amd64/libt2k.so
7f8dce171000-7f8dce178000 rw-p 00068000 08:01 1429730                    /usr/lib/jvm/java-7-oracle/jre/lib/amd64/libt2k.so
7f8dce178000-7f8dce188000 rw-p 00000000 00:00 0 
7f8dce188000-7f8dce19d000 r-xp 00000000 08:01 98309                      /lib/x86_64-linux-gnu/libgcc_s.so.1
7f8dce19d000-7f8dce39d000 ---p 00015000 08:01 98309                      /lib/x86_64-linux-gnu/libgcc_s.so.1
7f8dce39d000-7f8dce39e000 rw-p 00015000 08:01 98309                      /lib/x86_64-linux-gnu/libgcc_s.so.1
7f8dce39e000-7f8dce403000 r-xp 00000000 08:01 1429676                    /usr/lib/jvm/java-7-oracle/jre/lib/amd64/libfontmanager.so
7f8dce403000-7f8dce602000 ---p 00065000 08:01 1429676                    /usr/lib/jvm/java-7-oracle/jre/lib/amd64/libfontmanager.so
7f8dce602000-7f8dce606000 rw-p 00064000 08:01 1429676                    /usr/lib/jvm/java-7-oracle/jre/lib/amd64/libfontmanager.so
7f8dce606000-7f8dce617000 rw-p 00000000 00:00 0 
7f8dce617000-7f8dce61a000 ---p 00000000 00:00 0 
7f8dce61a000-7f8dce718000 rw-p 00000000 00:00 0 
7f8dce718000-7f8dce71b000 ---p 00000000 00:00 0 
7f8dce71b000-7f8dce819000 rw-p 00000000 00:00 0 
7f8dce819000-7f8dce81c000 ---p 00000000 00:00 0 
7f8dce81c000-7f8dce91a000 rw-p 00000000 00:00 0 
7f8dce91a000-7f8dce91f000 r-xp 00000000 08:01 2213999                    /usr/lib/x86_64-linux-gnu/libXfixes.so.3.1.0
7f8dce91f000-7f8dceb1e000 ---p 00005000 08:01 2213999                    /usr/lib/x86_64-linux-gnu/libXfixes.so.3.1.0
7f8dceb1e000-7f8dceb1f000 r--p 00004000 08:01 2213999                    /usr/lib/x86_64-linux-gnu/libXfixes.so.3.1.0
7f8dceb1f000-7f8dceb20000 rw-p 00005000 08:01 2213999                    /usr/lib/x86_64-linux-gnu/libXfixes.so.3.1.0
7f8dceb20000-7f8dceb2a000 r-xp 00000000 08:01 2672326                    /usr/lib/x86_64-linux-gnu/libXcursor.so.1.0.2
7f8dceb2a000-7f8dced29000 ---p 0000a000 08:01 2672326                    /usr/lib/x86_64-linux-gnu/libXcursor.so.1.0.2
7f8dced29000-7f8dced2a000 rw-p 00009000 08:01 2672326                    /usr/lib/x86_64-linux-gnu/libXcursor.so.1.0.2
7f8dced2a000-7f8dced2d000 ---p 00000000 00:00 0 
7f8dced2d000-7f8dcee2b000 rw-p 00000000 00:00 0 
7f8dcee2b000-7f8dcee30000 r-xp 00000000 08:01 1428089                    /usr/lib/x86_64-linux-gnu/libXdmcp.so.6.0.0
7f8dcee30000-7f8dcf02f000 ---p 00005000 08:01 1428089                    /usr/lib/x86_64-linux-gnu/libXdmcp.so.6.0.0
7f8dcf02f000-7f8dcf030000 rw-p 00004000 08:01 1428089                    /usr/lib/x86_64-linux-gnu/libXdmcp.so.6.0.0
7f8dcf030000-7f8dcf032000 r-xp 00000000 08:01 1428077                    /usr/lib/x86_64-linux-gnu/libXau.so.6.0.0
7f8dcf032000-7f8dcf232000 ---p 00002000 08:01 1428077                    /usr/lib/x86_64-linux-gnu/libXau.so.6.0.0
7f8dcf232000-7f8dcf233000 rw-p 00002000 08:01 1428077                    /usr/lib/x86_64-linux-gnu/libXau.so.6.0.0
7f8dcf233000-7f8dcf252000 r-xp 00000000 08:01 2671792                    /usr/lib/x86_64-linux-gnu/libxcb.so.1.1.0
7f8dcf252000-7f8dcf451000 ---p 0001f000 08:01 2671792                    /usr/lib/x86_64-linux-gnu/libxcb.so.1.1.0
7f8dcf451000-7f8dcf452000 r--p 0001e000 08:01 2671792                    /usr/lib/x86_64-linux-gnu/libxcb.so.1.1.0
7f8dcf452000-7f8dcf453000 rw-p 0001f000 08:01 2671792                    /usr/lib/x86_64-linux-gnu/libxcb.so.1.1.0
7f8dcf453000-7f8dcf461000 r-xp 00000000 08:01 2672114                    /usr/lib/x86_64-linux-gnu/libXi.so.6.1.0
7f8dcf461000-7f8dcf661000 ---p 0000e000 08:01 2672114                    /usr/lib/x86_64-linux-gnu/libXi.so.6.1.0
7f8dcf661000-7f8dcf662000 rw-p 0000e000 08:01 2672114                    /usr/lib/x86_64-linux-gnu/libXi.so.6.1.0
7f8dcf662000-7f8dcf667000 r-xp 00000000 08:01 2213996                    /usr/lib/x86_64-linux-gnu/libXtst.so.6.1.0
7f8dcf667000-7f8dcf866000 ---p 00005000 08:01 2213996                    /usr/lib/x86_64-linux-gnu/libXtst.so.6.1.0
7f8dcf866000-7f8dcf867000 rw-p 00004000 08:01 2213996                    /usr/lib/x86_64-linux-gnu/libXtst.so.6.1.0
7f8dcf867000-7f8dcf870000 r-xp 00000000 08:01 2408715                    /usr/lib/x86_64-linux-gnu/libXrender.so.1.3.0
7f8dcf870000-7f8dcfa6f000 ---p 00009000 08:01 2408715                    /usr/lib/x86_64-linux-gnu/libXrender.so.1.3.0
7f8dcfa6f000-7f8dcfa70000 rw-p 00008000 08:01 2408715                    /usr/lib/x86_64-linux-gnu/libXrender.so.1.3.0
7f8dcfa70000-7f8dcfba5000 r-xp 00000000 08:01 2671901                    /usr/lib/x86_64-linux-gnu/libX11.so.6.3.0
7f8dcfba5000-7f8dcfda5000 ---p 00135000 08:01 2671901                    /usr/lib/x86_64-linux-gnu/libX11.so.6.3.0
7f8dcfda5000-7f8dcfdab000 rw-p 00135000 08:01 2671901                    /usr/lib/x86_64-linux-gnu/libX11.so.6.3.0
7f8dcfdab000-7f8dcfdfb000 r-xp 00000000 08:01 1429718                    /usr/lib/jvm/java-7-oracle/jre/lib/amd64/xawt/libmawt.so
7f8dcfdfb000-7f8dcfffb000 ---p 00050000 08:01 1429718                    /usr/lib/jvm/java-7-oracle/jre/lib/amd64/xawt/libmawt.so
7f8dcfffb000-7f8dcffff000 rw-p 00050000 08:01 1429718                    /usr/lib/jvm/java-7-oracle/jre/lib/amd64/xawt/libmawt.so
7f8dcffff000-7f8dd0000000 rw-p 00000000 00:00 0 
7f8dd0000000-7f8dd0df3000 rw-p 00000000 00:00 0 
7f8dd0df3000-7f8dd4000000 ---p 00000000 00:00 0 
7f8dd400a000-7f8dd401b000 r-xp 00000000 08:01 2672110                    /usr/lib/x86_64-linux-gnu/libXext.so.6.4.0
7f8dd401b000-7f8dd421b000 ---p 00011000 08:01 2672110                    /usr/lib/x86_64-linux-gnu/libXext.so.6.4.0
7f8dd421b000-7f8dd421c000 rw-p 00011000 08:01 2672110                    /usr/lib/x86_64-linux-gnu/libXext.so.6.4.0
7f8dd421c000-7f8dd4251000 r--s 00000000 08:05 374941                     /var/cache/nscd/hosts
7f8dd4251000-7f8dd42f3000 r-xp 00000000 08:01 1429721                    /usr/lib/jvm/java-7-oracle/jre/lib/amd64/libawt.so
7f8dd42f3000-7f8dd44f3000 ---p 000a2000 08:01 1429721                    /usr/lib/jvm/java-7-oracle/jre/lib/amd64/libawt.so
7f8dd44f3000-7f8dd44ff000 rw-p 000a2000 08:01 1429721                    /usr/lib/jvm/java-7-oracle/jre/lib/amd64/libawt.so
7f8dd44ff000-7f8dd4523000 rw-p 00000000 00:00 0 
7f8dd4523000-7f8dd4526000 ---p 00000000 00:00 0 
7f8dd4526000-7f8dd4624000 rw-p 00000000 00:00 0 
7f8dd4624000-7f8dd463a000 r-xp 00000000 08:01 1429689                    /usr/lib/jvm/java-7-oracle/jre/lib/amd64/libnet.so
7f8dd463a000-7f8dd483a000 ---p 00016000 08:01 1429689                    /usr/lib/jvm/java-7-oracle/jre/lib/amd64/libnet.so
7f8dd483a000-7f8dd483b000 rw-p 00016000 08:01 1429689                    /usr/lib/jvm/java-7-oracle/jre/lib/amd64/libnet.so
7f8dd483b000-7f8dd484b000 r-xp 00000000 08:01 1429704                    /usr/lib/jvm/java-7-oracle/jre/lib/amd64/libnio.so
7f8dd484b000-7f8dd4a4b000 ---p 00010000 08:01 1429704                    /usr/lib/jvm/java-7-oracle/jre/lib/amd64/libnio.so
7f8dd4a4b000-7f8dd4a4c000 rw-p 00010000 08:01 1429704                    /usr/lib/jvm/java-7-oracle/jre/lib/amd64/libnio.so
7f8dd4a4c000-7f8dd4a6a000 r--s 00180000 00:14 597561962                  /home/bmoths/Desktop/utilities/java/packages/commons-math3-3.2/commons-math3-3.2.jar
7f8dd4a6a000-7f8dd4a78000 r--s 00137000 00:14 147318109                  /home/bmoths/Desktop/utilities/java/packages/org-netbeans-lib-profiler-ui.jar/org-netbeans-lib-profiler-ui.jar
7f8dd4a78000-7f8dd4a7c000 r--s 00051000 00:14 623563260                  /home/bmoths/Desktop/utilities/java/packages/visualvm_136/profiler/lib/jfluid-server.jar
7f8dd4a7c000-7f8dd4a7d000 r--s 00003000 00:14 623563264                  /home/bmoths/Desktop/utilities/java/packages/visualvm_136/profiler/lib/jfluid-server-15.jar
7f8dd4a7d000-7f8dd4a8d000 r--s 0013d000 00:14 631783213                  /home/bmoths/Desktop/utilities/java/packages/visualvm_136/profiler/modules/org-netbeans-modules-profiler.jar
7f8dd4a8d000-7f8dd4a8e000 r--s 00002000 00:14 631783206                  /home/bmoths/Desktop/utilities/java/packages/visualvm_136/profiler/modules/org-netbeans-modules-profiler-utilities.jar
7f8dd4a8e000-7f8dd4a9b000 r--s 000cd000 00:14 631783205                  /home/bmoths/Desktop/utilities/java/packages/visualvm_136/profiler/modules/org-netbeans-modules-profiler-snaptracer.jar
7f8dd4a9b000-7f8dd4a9e000 r--s 00014000 00:14 631783208                  /home/bmoths/Desktop/utilities/java/packages/visualvm_136/profiler/modules/org-netbeans-modules-profiler-selector-ui.jar
7f8dd4a9e000-7f8dd4aa0000 r--s 00018000 00:14 631783211                  /home/bmoths/Desktop/utilities/java/packages/visualvm_136/profiler/modules/org-netbeans-modules-profiler-selector-api.jar
7f8dd4aa0000-7f8dd4aa3000 r--s 00021000 00:14 631783201                  /home/bmoths/Desktop/utilities/java/packages/visualvm_136/profiler/modules/org-netbeans-modules-profiler-oql.jar
7f8dd4aa3000-7f8dd4ab0000 r--s 000fa000 00:14 631783207                  /home/bmoths/Desktop/utilities/java/packages/visualvm_136/profiler/modules/org-netbeans-modules-profiler-heapwalker.jar
7f8dd4ab0000-7f8dd4ab2000 r--s 0000e000 00:14 631783210                  /home/bmoths/Desktop/utilities/java/packages/visualvm_136/profiler/modules/org-netbeans-modules-profiler-attach.jar
7f8dd4ab2000-7f8dd4ab5000 r--s 00026000 00:14 631783202                  /home/bmoths/Desktop/utilities/java/packages/visualvm_136/profiler/modules/org-netbeans-modules-profiler-api.jar
7f8dd4ab5000-7f8dd4ac2000 r--s 0012a000 00:14 631783203                  /home/bmoths/Desktop/utilities/java/packages/visualvm_136/profiler/modules/org-netbeans-lib-profiler.jar
7f8dd4ac2000-7f8dd4ad0000 r--s 0014b000 00:14 631783204                  /home/bmoths/Desktop/utilities/java/packages/visualvm_136/profiler/modules/org-netbeans-lib-profiler-ui.jar
7f8dd4ad0000-7f8dd4ad1000 r--s 0001a000 00:14 631783212                  /home/bmoths/Desktop/utilities/java/packages/visualvm_136/profiler/modules/org-netbeans-lib-profiler-common.jar
7f8dd4ad1000-7f8dd4ad5000 r--s 00037000 00:14 149861405                  /home/bmoths/Desktop/utilities/java/packages/org-netbeans-lib-profiler-charts.jar/org-netbeans-lib-profiler-charts.jar
7f8dd4ad5000-7f8dd4ad6000 r--s 0000c000 00:14 704746497                  /home/bmoths/Desktop/utilities/java/packages/visualvm_136/visualvm/core/com-sun-tools-visualvm-modules-startup.jar
7f8dd4ad6000-7f8dd4ad7000 r--s 0000f000 00:14 678156699                  /home/bmoths/Desktop/utilities/java/packages/visualvm_136/visualvm/modules/com-sun-tools-visualvm-uisupport.jar
7f8dd4ad7000-7f8dd4ad9000 r--s 0000e000 00:14 678156705                  /home/bmoths/Desktop/utilities/java/packages/visualvm_136/visualvm/modules/com-sun-tools-visualvm-tools.jar
7f8dd4ad9000-7f8dd4adb000 r--s 0000f000 00:14 678156701                  /home/bmoths/Desktop/utilities/java/packages/visualvm_136/visualvm/modules/com-sun-tools-visualvm-threaddump.jar
7f8dd4adb000-7f8dd4ae0000 r--s 0005d000 00:14 678156702                  /home/bmoths/Desktop/utilities/java/packages/visualvm_136/visualvm/modules/com-sun-tools-visualvm-sampler.jar
7f8dd4ae0000-7f8dd4ae1000 r--s 00008000 00:14 678156698                  /home/bmoths/Desktop/utilities/java/packages/visualvm_136/visualvm/modules/com-sun-tools-visualvm-sa.jar
7f8dd4ae1000-7f8dd4ae6000 r--s 00042000 00:14 678156696                  /home/bmoths/Desktop/utilities/java/packages/visualvm_136/visualvm/modules/com-sun-tools-visualvm-profiling.jar
7f8dd4ae6000-7f8dd4ae8000 r--s 0001e000 00:14 678156708                  /home/bmoths/Desktop/utilities/java/packages/visualvm_136/visualvm/modules/com-sun-tools-visualvm-profiler.jar
7f8dd4ae8000-7f8dd4aeb000 r--s 0004f000 00:14 678156711                  /home/bmoths/Desktop/utilities/java/packages/visualvm_136/visualvm/modules/com-sun-tools-visualvm-modules-appui.jar
7f8dd4aeb000-7f8dd4aee000 r--s 00029000 00:14 678156720                  /home/bmoths/Desktop/utilities/java/packages/visualvm_136/visualvm/modules/com-sun-tools-visualvm-jvmstat.jar
7f8dd4aee000-7f8dd4aef000 r--s 0000a000 00:14 678156697                  /home/bmoths/Desktop/utilities/java/packages/visualvm_136/visualvm/modules/com-sun-tools-visualvm-jvm.jar
7f8dd4aef000-7f8dd4af2000 r--s 00036000 00:14 678156703                  /home/bmoths/Desktop/utilities/java/packages/visualvm_136/visualvm/modules/com-sun-tools-visualvm-jmx.jar
7f8dd4af2000-7f8dd4af5000 r--s 0001d000 00:14 678156706                  /home/bmoths/Desktop/utilities/java/packages/visualvm_136/visualvm/modules/com-sun-tools-visualvm-host.jar
7f8dd4af5000-7f8dd4af7000 r--s 00008000 00:14 678156707                  /home/bmoths/Desktop/utilities/java/packages/visualvm_136/visualvm/modules/com-sun-tools-visualvm-host-views.jar
7f8dd4af7000-7f8dd4af8000 r--s 00003000 00:14 678156713                  /home/bmoths/Desktop/utilities/java/packages/visualvm_136/visualvm/modules/com-sun-tools-visualvm-host-remote.jar
7f8dd4af8000-7f8dd4afa000 r--s 00014000 00:14 678156719                  /home/bmoths/Desktop/utilities/java/packages/visualvm_136/visualvm/modules/com-sun-tools-visualvm-heapdump.jar
7f8dd4afa000-7f8dd4afd000 r--s 0001c000 00:14 678156710                  /home/bmoths/Desktop/utilities/java/packages/visualvm_136/visualvm/modules/com-sun-tools-visualvm-coredump.jar
7f8dd4afd000-7f8dd4b07000 r--s 000b7000 00:14 678156709                  /home/bmoths/Desktop/utilities/java/packages/visualvm_136/visualvm/modules/com-sun-tools-visualvm-core.jar
7f8dd4b07000-7f8dd4b0a000 r--s 00020000 00:14 678156712                  /home/bmoths/Desktop/utilities/java/packages/visualvm_136/visualvm/modules/com-sun-tools-visualvm-charts.jar
7f8dd4b0a000-7f8dd4b0c000 r--s 00006000 00:14 678156700                  /home/bmoths/Desktop/utilities/java/packages/visualvm_136/visualvm/modules/com-sun-tools-visualvm-attach.jar
7f8dd4b0c000-7f8dd4b10000 r--s 00034000 00:14 678156718                  /home/bmoths/Desktop/utilities/java/packages/visualvm_136/visualvm/modules/com-sun-tools-visualvm-application.jar
7f8dd4b10000-7f8dd4b14000 r--s 00038000 00:14 678156704                  /home/bmoths/Desktop/utilities/java/packages/visualvm_136/visualvm/modules/com-sun-tools-visualvm-application-views.jar
7f8dd4b14000-7f8dd4b15000 r--s 00007000 00:14 678156721                  /home/bmoths/Desktop/utilities/java/packages/visualvm_136/visualvm/modules/com-sun-tools-visualvm-api-caching.jar
7f8dd4b15000-7f8dd4b1c000 r--s 00094000 08:01 2781498                    /usr/share/java/beansbinding-1.2.1.jar
7f8dd4b1c000-7f8dd4b1d000 ---p 00000000 00:00 0 
7f8dd4b1d000-7f8dd4c1d000 rw-p 00000000 00:00 0 
7f8dd4c1d000-7f8dd4c20000 ---p 00000000 00:00 0 
7f8dd4c20000-7f8dd4d1e000 rw-p 00000000 00:00 0 
7f8dd4d1e000-7f8dd4d21000 ---p 00000000 00:00 0 
7f8dd4d21000-7f8dd4e1f000 rw-p 00000000 00:00 0 
7f8dd4e1f000-7f8dd4e22000 ---p 00000000 00:00 0 
7f8dd4e22000-7f8dd4f20000 rw-p 00000000 00:00 0 
7f8dd4f20000-7f8dd4f23000 ---p 00000000 00:00 0 
7f8dd4f23000-7f8dd5021000 rw-p 00000000 00:00 0 
7f8dd5021000-7f8dd5198000 r--p 00000000 08:01 1180238                    /usr/lib/locale/locale-archive
7f8dd5198000-7f8dd519b000 ---p 00000000 00:00 0 
7f8dd519b000-7f8dd5299000 rw-p 00000000 00:00 0 
7f8dd5299000-7f8dd529c000 ---p 00000000 00:00 0 
7f8dd529c000-7f8dd539a000 rw-p 00000000 00:00 0 
7f8dd539a000-7f8dd539b000 ---p 00000000 00:00 0 
7f8dd539b000-7f8dd6176000 rw-p 00000000 00:00 0 
7f8dd6176000-7f8dd6334000 r--s 039d0000 08:01 1429657                    /usr/lib/jvm/java-7-oracle/jre/lib/rt.jar
7f8dd6334000-7f8dd777a000 rw-p 00000000 00:00 0 
7f8dd777a000-7f8dd777b000 ---p 00000000 00:00 0 
7f8dd777b000-7f8dd787b000 rw-p 00000000 00:00 0 
7f8dd787b000-7f8dd787c000 ---p 00000000 00:00 0 
7f8dd787c000-7f8dd797c000 rw-p 00000000 00:00 0 
7f8dd797c000-7f8dd797d000 ---p 00000000 00:00 0 
7f8dd797d000-7f8dd7a9b000 rw-p 00000000 00:00 0 
7f8dd7a9b000-7f8dd7b25000 rw-p 00000000 00:00 0 
7f8dd7b25000-7f8dd7b30000 rw-p 00000000 00:00 0 
7f8dd7b30000-7f8dd7b32000 ---p 00000000 00:00 0 
7f8dd7b32000-7f8dd7b4e000 rw-p 00000000 00:00 0 
7f8dd7b4e000-7f8dd7b6c000 rw-p 00000000 00:00 0 
7f8dd7b6c000-7f8dd7bf6000 rw-p 00000000 00:00 0 
7f8dd7bf6000-7f8dd7c1f000 rw-p 00000000 00:00 0 
7f8dd7c1f000-7f8dd7c20000 ---p 00000000 00:00 0 
7f8dd7c20000-7f8dd7c4a000 rw-p 00000000 00:00 0 
7f8dd7c4a000-7f8dd7c55000 rw-p 00000000 00:00 0 
7f8dd7c55000-7f8dd7d0b000 rw-p 00000000 00:00 0 
7f8dd7d0b000-7f8dd7f8b000 rwxp 00000000 00:00 0 
7f8dd7f8b000-7f8ddad0b000 rw-p 00000000 00:00 0 
7f8ddad0b000-7f8ddad25000 r-xp 00000000 08:01 1429699                    /usr/lib/jvm/java-7-oracle/jre/lib/amd64/libzip.so
7f8ddad25000-7f8ddaf25000 ---p 0001a000 08:01 1429699                    /usr/lib/jvm/java-7-oracle/jre/lib/amd64/libzip.so
7f8ddaf25000-7f8ddaf26000 rw-p 0001a000 08:01 1429699                    /usr/lib/jvm/java-7-oracle/jre/lib/amd64/libzip.so
7f8ddaf26000-7f8ddaf4f000 r-xp 00000000 08:01 1429707                    /usr/lib/jvm/java-7-oracle/jre/lib/amd64/libjava.so
7f8ddaf4f000-7f8ddb14f000 ---p 00029000 08:01 1429707                    /usr/lib/jvm/java-7-oracle/jre/lib/amd64/libjava.so
7f8ddb14f000-7f8ddb151000 rw-p 00029000 08:01 1429707                    /usr/lib/jvm/java-7-oracle/jre/lib/amd64/libjava.so
7f8ddb151000-7f8ddb15e000 r-xp 00000000 08:01 1429687                    /usr/lib/jvm/java-7-oracle/jre/lib/amd64/libverify.so
7f8ddb15e000-7f8ddb35d000 ---p 0000d000 08:01 1429687                    /usr/lib/jvm/java-7-oracle/jre/lib/amd64/libverify.so
7f8ddb35d000-7f8ddb35f000 rw-p 0000c000 08:01 1429687                    /usr/lib/jvm/java-7-oracle/jre/lib/amd64/libverify.so
7f8ddb35f000-7f8ddb366000 r-xp 00000000 08:01 1530229                    /lib/x86_64-linux-gnu/librt-2.13.so
7f8ddb366000-7f8ddb565000 ---p 00007000 08:01 1530229                    /lib/x86_64-linux-gnu/librt-2.13.so
7f8ddb565000-7f8ddb566000 r--p 00006000 08:01 1530229                    /lib/x86_64-linux-gnu/librt-2.13.so
7f8ddb566000-7f8ddb567000 rw-p 00007000 08:01 1530229                    /lib/x86_64-linux-gnu/librt-2.13.so
7f8ddb567000-7f8ddb5e8000 r-xp 00000000 08:01 1530216                    /lib/x86_64-linux-gnu/libm-2.13.so
7f8ddb5e8000-7f8ddb7e7000 ---p 00081000 08:01 1530216                    /lib/x86_64-linux-gnu/libm-2.13.so
7f8ddb7e7000-7f8ddb7e8000 r--p 00080000 08:01 1530216                    /lib/x86_64-linux-gnu/libm-2.13.so
7f8ddb7e8000-7f8ddb7e9000 rw-p 00081000 08:01 1530216                    /lib/x86_64-linux-gnu/libm-2.13.so
7f8ddb7e9000-7f8ddc34b000 r-xp 00000000 08:01 1429685                    /usr/lib/jvm/java-7-oracle/jre/lib/amd64/server/libjvm.so
7f8ddc34b000-7f8ddc54b000 ---p 00b62000 08:01 1429685                    /usr/lib/jvm/java-7-oracle/jre/lib/amd64/server/libjvm.so
7f8ddc54b000-7f8ddc60e000 rw-p 00b62000 08:01 1429685                    /usr/lib/jvm/java-7-oracle/jre/lib/amd64/server/libjvm.so
7f8ddc60e000-7f8ddc64f000 rw-p 00000000 00:00 0 
7f8ddc64f000-7f8ddc7d1000 r-xp 00000000 08:01 1523719                    /lib/x86_64-linux-gnu/libc-2.13.so
7f8ddc7d1000-7f8ddc9d0000 ---p 00182000 08:01 1523719                    /lib/x86_64-linux-gnu/libc-2.13.so
7f8ddc9d0000-7f8ddc9d4000 r--p 00181000 08:01 1523719                    /lib/x86_64-linux-gnu/libc-2.13.so
7f8ddc9d4000-7f8ddc9d5000 rw-p 00185000 08:01 1523719                    /lib/x86_64-linux-gnu/libc-2.13.so
7f8ddc9d5000-7f8ddc9da000 rw-p 00000000 00:00 0 
7f8ddc9da000-7f8ddc9dc000 r-xp 00000000 08:01 1530223                    /lib/x86_64-linux-gnu/libdl-2.13.so
7f8ddc9dc000-7f8ddcbdc000 ---p 00002000 08:01 1530223                    /lib/x86_64-linux-gnu/libdl-2.13.so
7f8ddcbdc000-7f8ddcbdd000 r--p 00002000 08:01 1530223                    /lib/x86_64-linux-gnu/libdl-2.13.so
7f8ddcbdd000-7f8ddcbde000 rw-p 00003000 08:01 1530223                    /lib/x86_64-linux-gnu/libdl-2.13.so
7f8ddcbde000-7f8ddcbf4000 r-xp 00000000 08:01 1428909                    /usr/lib/jvm/java-7-oracle/lib/amd64/jli/libjli.so
7f8ddcbf4000-7f8ddcdf4000 ---p 00016000 08:01 1428909                    /usr/lib/jvm/java-7-oracle/lib/amd64/jli/libjli.so
7f8ddcdf4000-7f8ddcdf5000 rw-p 00016000 08:01 1428909                    /usr/lib/jvm/java-7-oracle/lib/amd64/jli/libjli.so
7f8ddcdf5000-7f8ddce0c000 r-xp 00000000 08:01 1530227                    /lib/x86_64-linux-gnu/libpthread-2.13.so
7f8ddce0c000-7f8ddd00b000 ---p 00017000 08:01 1530227                    /lib/x86_64-linux-gnu/libpthread-2.13.so
7f8ddd00b000-7f8ddd00c000 r--p 00016000 08:01 1530227                    /lib/x86_64-linux-gnu/libpthread-2.13.so
7f8ddd00c000-7f8ddd00d000 rw-p 00017000 08:01 1530227                    /lib/x86_64-linux-gnu/libpthread-2.13.so
7f8ddd00d000-7f8ddd011000 rw-p 00000000 00:00 0 
7f8ddd011000-7f8ddd031000 r-xp 00000000 08:01 1530231                    /lib/x86_64-linux-gnu/ld-2.13.so
7f8ddd056000-7f8ddd05a000 r--s 0008a000 08:01 1429670                    /usr/lib/jvm/java-7-oracle/jre/lib/jsse.jar
7f8ddd05a000-7f8ddd0bf000 rw-p 00000000 00:00 0 
7f8ddd0bf000-7f8ddd0f4000 r--s 00000000 08:05 374942                     /var/cache/nscd/passwd
7f8ddd0f4000-7f8ddd0f7000 ---p 00000000 00:00 0 
7f8ddd0f7000-7f8ddd1f9000 rw-p 00000000 00:00 0 
7f8ddd1fa000-7f8ddd206000 rw-p 00000000 00:00 0 
7f8ddd206000-7f8ddd208000 ---p 00000000 00:00 0 
7f8ddd208000-7f8ddd224000 rw-p 00000000 00:00 0 
7f8ddd224000-7f8ddd22c000 rw-s 00000000 08:03 635235                     /tmp/hsperfdata_bmoths/20038
7f8ddd22c000-7f8ddd22d000 rw-p 00000000 00:00 0 
7f8ddd22d000-7f8ddd22e000 r--p 00000000 00:00 0 
7f8ddd22e000-7f8ddd230000 rw-p 00000000 00:00 0 
7f8ddd230000-7f8ddd231000 r--p 0001f000 08:01 1530231                    /lib/x86_64-linux-gnu/ld-2.13.so
7f8ddd231000-7f8ddd232000 rw-p 00020000 08:01 1530231                    /lib/x86_64-linux-gnu/ld-2.13.so
7f8ddd232000-7f8ddd233000 rw-p 00000000 00:00 0 
7fff9d116000-7fff9d138000 rw-p 00000000 00:00 0                          [stack]
7fff9d1ff000-7fff9d200000 r-xp 00000000 00:00 0                          [vdso]
ffffffffff600000-ffffffffff601000 r-xp 00000000 00:00 0                  [vsyscall]

VM Arguments:
jvm_args: -Dfile.encoding=UTF-8 
java_command: FocusedSimulation.bulkproperties.BulkPropertiesFinder
Launcher Type: SUN_STANDARD

Environment Variables:
JAVA_HOME=/usr/lib/jvm/java-7-oracle
PATH=/home/bmoths/bin:/usr/local/bin:/usr/bin:/bin:/usr/local/games:/usr/games:/usr/lib/jvm/java-7-oracle/bin:/usr/lib/jvm/java-7-oracle/db/bin:/usr/lib/jvm/java-7-oracle/jre/bin
LD_LIBRARY_PATH=/usr/lib/jvm/java-7-oracle/bin/../jre/lib/amd64:/usr/lib/jvm/java-7-oracle/bin/../jre/lib/i386:
SHELL=/bin/bash
DISPLAY=:0.0

Signal Handlers:
SIGSEGV: [libjvm.so+0x993980], sa_mask[0]=0x7ffbfeff, sa_flags=0x10000004
SIGBUS: [libjvm.so+0x993980], sa_mask[0]=0x7ffbfeff, sa_flags=0x10000004
SIGFPE: [libjvm.so+0x8106e0], sa_mask[0]=0x7ffbfeff, sa_flags=0x10000004
SIGPIPE: [libjvm.so+0x8106e0], sa_mask[0]=0x7ffbfeff, sa_flags=0x10000004
SIGXFSZ: [libjvm.so+0x8106e0], sa_mask[0]=0x7ffbfeff, sa_flags=0x10000004
SIGILL: [libjvm.so+0x8106e0], sa_mask[0]=0x7ffbfeff, sa_flags=0x10000004
SIGUSR1: SIG_DFL, sa_mask[0]=0x00000000, sa_flags=0x00000000
SIGUSR2: [libjvm.so+0x811bd0], sa_mask[0]=0x00000004, sa_flags=0x10000004
SIGHUP: [libjvm.so+0x812b40], sa_mask[0]=0x7ffbfeff, sa_flags=0x10000004
SIGINT: SIG_IGN, sa_mask[0]=0x00000000, sa_flags=0x00000000
SIGTERM: [libjvm.so+0x812b40], sa_mask[0]=0x7ffbfeff, sa_flags=0x10000004
SIGQUIT: [libjvm.so+0x812b40], sa_mask[0]=0x7ffbfeff, sa_flags=0x10000004


---------------  S Y S T E M  ---------------

OS:7.5

uname:Linux 3.2.0-4-amd64 #1 SMP Debian 3.2.57-3+deb7u1 x86_64
libc:glibc 2.13 NPTL 2.13 
rlimit: STACK 8192k, CORE 0k, NPROC 15990, NOFILE 4096, AS infinity
load average:11.71 4.71 2.69

/proc/meminfo:
MemTotal:        2059816 kB
MemFree:          608564 kB
Buffers:             464 kB
Cached:            50532 kB
SwapCached:         4000 kB
Active:          1177920 kB
Inactive:         173000 kB
Active(anon):    1174020 kB
Inactive(anon):   149220 kB
Active(file):       3900 kB
Inactive(file):    23780 kB
Unevictable:         144 kB
Mlocked:             144 kB
SwapTotal:        498008 kB
SwapFree:          25932 kB
Dirty:                36 kB
Writeback:             0 kB
AnonPages:       1296200 kB
Mapped:            27008 kB
Shmem:             23124 kB
Slab:              40784 kB
SReclaimable:      14476 kB
SUnreclaim:        26308 kB
KernelStack:        3096 kB
PageTables:        21976 kB
NFS_Unstable:          0 kB
Bounce:                0 kB
WritebackTmp:          0 kB
CommitLimit:     1527916 kB
Committed_AS:    3619568 kB
VmallocTotal:   34359738367 kB
VmallocUsed:      306116 kB
VmallocChunk:   34359407611 kB
HardwareCorrupted:     0 kB
AnonHugePages:         0 kB
HugePages_Total:       0
HugePages_Free:        0
HugePages_Rsvd:        0
HugePages_Surp:        0
Hugepagesize:       2048 kB
DirectMap4k:     1446784 kB
DirectMap2M:      649216 kB
DirectMap1G:           0 kB


CPU:total 3 (3 cores per cpu, 1 threads per core) family 16 model 2 stepping 3, cmov, cx8, fxsr, mmx, sse, sse2, sse3, popcnt, mmxext, 3dnowpref, lzcnt, sse4a, tsc, tscinvbit, tscinv

/proc/cpuinfo:
processor	: 0
vendor_id	: AuthenticAMD
cpu family	: 16
model		: 2
model name	: AMD Phenom(tm) 8450 Triple-Core Processor
stepping	: 3
microcode	: 0x1000065
cpu MHz		: 1050.000
cache size	: 512 KB
physical id	: 0
siblings	: 3
core id		: 0
cpu cores	: 3
apicid		: 0
initial apicid	: 0
fpu		: yes
fpu_exception	: yes
cpuid level	: 5
wp		: yes
flags		: fpu vme de pse tsc msr pae mce cx8 apic sep mtrr pge mca cmov pat pse36 clflush mmx fxsr sse sse2 ht syscall nx mmxext fxsr_opt pdpe1gb rdtscp lm 3dnowext 3dnow constant_tsc rep_good nopl nonstop_tsc extd_apicid pni monitor cx16 popcnt lahf_lm cmp_legacy svm extapic cr8_legacy abm sse4a misalignsse 3dnowprefetch osvw ibs hw_pstate npt lbrv svm_lock
bogomips	: 4219.76
TLB size	: 1024 4K pages
clflush size	: 64
cache_alignment	: 64
address sizes	: 48 bits physical, 48 bits virtual
power management: ts ttp tm stc 100mhzsteps hwpstate

processor	: 1
vendor_id	: AuthenticAMD
cpu family	: 16
model		: 2
model name	: AMD Phenom(tm) 8450 Triple-Core Processor
stepping	: 3
microcode	: 0x1000065
cpu MHz		: 1050.000
cache size	: 512 KB
physical id	: 0
siblings	: 3
core id		: 1
cpu cores	: 3
apicid		: 1
initial apicid	: 1
fpu		: yes
fpu_exception	: yes
cpuid level	: 5
wp		: yes
flags		: fpu vme de pse tsc msr pae mce cx8 apic sep mtrr pge mca cmov pat pse36 clflush mmx fxsr sse sse2 ht syscall nx mmxext fxsr_opt pdpe1gb rdtscp lm 3dnowext 3dnow constant_tsc rep_good nopl nonstop_tsc extd_apicid pni monitor cx16 popcnt lahf_lm cmp_legacy svm extapic cr8_legacy abm sse4a misalignsse 3dnowprefetch osvw ibs hw_pstate npt lbrv svm_lock
bogomips	: 4219.38
TLB size	: 1024 4K pages
clflush size	: 64
cache_alignment	: 64
address sizes	: 48 bits physical, 48 bits virtual
power management: ts ttp tm stc 100mhzsteps hwpstate

processor	: 2
vendor_id	: AuthenticAMD
cpu family	: 16
model		: 2
model name	: AMD Phenom(tm) 8450 Triple-Core Processor
stepping	: 3
microcode	: 0x1000065
cpu MHz		: 1050.000
cache size	: 512 KB
physical id	: 0
siblings	: 3
core id		: 2
cpu cores	: 3
apicid		: 2
initial apicid	: 2
fpu		: yes
fpu_exception	: yes
cpuid level	: 5
wp		: yes
flags		: fpu vme de pse tsc msr pae mce cx8 apic sep mtrr pge mca cmov pat pse36 clflush mmx fxsr sse sse2 ht syscall nx mmxext fxsr_opt pdpe1gb rdtscp lm 3dnowext 3dnow constant_tsc rep_good nopl nonstop_tsc extd_apicid pni monitor cx16 popcnt lahf_lm cmp_legacy svm extapic cr8_legacy abm sse4a misalignsse 3dnowprefetch osvw ibs hw_pstate npt lbrv svm_lock
bogomips	: 4219.25
TLB size	: 1024 4K pages
clflush size	: 64
cache_alignment	: 64
address sizes	: 48 bits physical, 48 bits virtual
power management: ts ttp tm stc 100mhzsteps hwpstate



Memory: 4k page, physical 2059816k(608564k free), swap 498008k(25932k free)

vm_info: Java HotSpot(TM) 64-Bit Server VM (24.55-b03) for linux-amd64 JRE (1.7.0_55-b13), built on Mar 17 2014 19:43:58 by "java_re" with gcc 4.3.0 20080428 (Red Hat 4.3.0-8)

time: Wed Jun 18 17:46:31 2014
elapsed time: 13191 seconds

